2025-06-04 17:02:37,355 - matplotlib.backends.backend_ps - WARNING - The PostScript backend does not support transparency; partially transparent artists will be rendered opaque.
2025-06-06 10:22:07,880 - matplotlib.backends.backend_ps - WARNING - The PostScript backend does not support transparency; partially transparent artists will be rendered opaque.
2025-06-06 10:27:43,977 - matplotlib.backends.backend_ps - WARNING - The PostScript backend does not support transparency; partially transparent artists will be rendered opaque.
2025-06-06 10:51:33,175 - matplotlib.backends.backend_ps - WARNING - The PostScript backend does not support transparency; partially transparent artists will be rendered opaque.
2025-06-06 10:51:39,524 - absl - INFO - Spawning all processes.
2025-06-06 10:51:40,087 - absl - INFO - Waiting for all processes to start.
2025-06-06 10:52:18,718 - matplotlib.backends.backend_ps - WARNING - The PostScript backend does not support transparency; partially transparent artists will be rendered opaque.
2025-06-06 11:01:43,684 - matplotlib.backends.backend_ps - WARNING - The PostScript backend does not support transparency; partially transparent artists will be rendered opaque.
2025-06-06 11:04:33,799 - matplotlib.backends.backend_ps - WARNING - The PostScript backend does not support transparency; partially transparent artists will be rendered opaque.
2025-06-06 11:04:42,932 - absl - INFO - Spawning all processes.
2025-06-06 11:04:43,381 - absl - INFO - Waiting for all processes to start.
2025-06-06 11:05:14,656 - matplotlib.backends.backend_ps - WARNING - The PostScript backend does not support transparency; partially transparent artists will be rendered opaque.
2025-06-06 11:05:14,899 - matplotlib.backends.backend_ps - WARNING - The PostScript backend does not support transparency; partially transparent artists will be rendered opaque.
2025-06-06 11:05:14,934 - matplotlib.backends.backend_ps - WARNING - The PostScript backend does not support transparency; partially transparent artists will be rendered opaque.
2025-06-06 11:05:15,289 - matplotlib.backends.backend_ps - WARNING - The PostScript backend does not support transparency; partially transparent artists will be rendered opaque.
2025-06-06 11:05:15,295 - matplotlib.backends.backend_ps - WARNING - The PostScript backend does not support transparency; partially transparent artists will be rendered opaque.
2025-06-06 11:05:15,378 - matplotlib.backends.backend_ps - WARNING - The PostScript backend does not support transparency; partially transparent artists will be rendered opaque.
2025-06-06 11:05:15,403 - matplotlib.backends.backend_ps - WARNING - The PostScript backend does not support transparency; partially transparent artists will be rendered opaque.
2025-06-06 11:05:15,475 - matplotlib.backends.backend_ps - WARNING - The PostScript backend does not support transparency; partially transparent artists will be rendered opaque.
2025-06-06 11:05:15,513 - matplotlib.backends.backend_ps - WARNING - The PostScript backend does not support transparency; partially transparent artists will be rendered opaque.
2025-06-06 11:05:15,515 - matplotlib.backends.backend_ps - WARNING - The PostScript backend does not support transparency; partially transparent artists will be rendered opaque.
2025-06-06 11:05:29,874 - absl - INFO - Spawning all processes.
2025-06-06 11:05:30,716 - absl - INFO - Spawning all processes.
2025-06-06 11:05:32,638 - absl - INFO - Spawning all processes.
2025-06-06 11:05:34,421 - absl - INFO - Spawning all processes.
2025-06-06 11:05:35,985 - absl - INFO - Spawning all processes.
2025-06-06 11:05:37,560 - absl - INFO - Spawning all processes.
2025-06-06 11:05:39,280 - absl - INFO - Spawning all processes.
2025-06-06 11:05:40,904 - absl - INFO - Spawning all processes.
2025-06-06 11:05:42,567 - absl - INFO - Spawning all processes.
2025-06-06 11:05:44,148 - absl - INFO - Spawning all processes.
2025-06-06 11:06:17,472 - matplotlib.backends.backend_ps - WARNING - The PostScript backend does not support transparency; partially transparent artists will be rendered opaque.
2025-06-06 11:13:21,924 - matplotlib.backends.backend_ps - WARNING - The PostScript backend does not support transparency; partially transparent artists will be rendered opaque.
2025-06-06 11:13:30,325 - absl - INFO - Spawning all processes.
2025-06-06 11:13:30,764 - absl - INFO - Waiting for all processes to start.
2025-06-06 11:14:00,435 - matplotlib.backends.backend_ps - WARNING - The PostScript backend does not support transparency; partially transparent artists will be rendered opaque.
2025-06-06 11:14:01,019 - matplotlib.backends.backend_ps - WARNING - The PostScript backend does not support transparency; partially transparent artists will be rendered opaque.
2025-06-06 11:14:01,132 - matplotlib.backends.backend_ps - WARNING - The PostScript backend does not support transparency; partially transparent artists will be rendered opaque.
2025-06-06 11:14:01,331 - matplotlib.backends.backend_ps - WARNING - The PostScript backend does not support transparency; partially transparent artists will be rendered opaque.
2025-06-06 11:14:01,830 - matplotlib.backends.backend_ps - WARNING - The PostScript backend does not support transparency; partially transparent artists will be rendered opaque.
2025-06-06 11:14:01,873 - matplotlib.backends.backend_ps - WARNING - The PostScript backend does not support transparency; partially transparent artists will be rendered opaque.
2025-06-06 11:14:02,114 - matplotlib.backends.backend_ps - WARNING - The PostScript backend does not support transparency; partially transparent artists will be rendered opaque.
2025-06-06 11:14:02,124 - matplotlib.backends.backend_ps - WARNING - The PostScript backend does not support transparency; partially transparent artists will be rendered opaque.
2025-06-06 11:14:02,214 - matplotlib.backends.backend_ps - WARNING - The PostScript backend does not support transparency; partially transparent artists will be rendered opaque.
2025-06-06 11:14:02,292 - matplotlib.backends.backend_ps - WARNING - The PostScript backend does not support transparency; partially transparent artists will be rendered opaque.
2025-06-06 11:14:15,970 - absl - INFO - Spawning all processes.
2025-06-06 11:14:17,004 - absl - INFO - Spawning all processes.
2025-06-06 11:14:18,311 - absl - INFO - Spawning all processes.
2025-06-06 11:14:19,748 - absl - INFO - Spawning all processes.
2025-06-06 11:14:21,030 - absl - INFO - Spawning all processes.
2025-06-06 11:14:21,245 - absl - INFO - Spawning all processes.
2025-06-06 11:14:22,575 - absl - INFO - Spawning all processes.
2025-06-06 11:14:24,260 - absl - INFO - Spawning all processes.
2025-06-06 11:14:25,736 - absl - INFO - Spawning all processes.
2025-06-06 11:14:27,459 - absl - INFO - Spawning all processes.
2025-06-09 15:15:03,722 - matplotlib.backends.backend_ps - WARNING - The PostScript backend does not support transparency; partially transparent artists will be rendered opaque.
2025-06-09 15:15:12,979 - absl - INFO - Spawning all processes.
2025-06-09 15:15:13,319 - absl - INFO - Waiting for all processes to start.
2025-06-09 15:15:59,337 - matplotlib.backends.backend_ps - WARNING - The PostScript backend does not support transparency; partially transparent artists will be rendered opaque.
2025-06-09 15:15:59,369 - matplotlib.backends.backend_ps - WARNING - The PostScript backend does not support transparency; partially transparent artists will be rendered opaque.
2025-06-09 15:15:59,635 - matplotlib.backends.backend_ps - WARNING - The PostScript backend does not support transparency; partially transparent artists will be rendered opaque.
2025-06-09 15:16:00,280 - matplotlib.backends.backend_ps - WARNING - The PostScript backend does not support transparency; partially transparent artists will be rendered opaque.
2025-06-09 15:16:00,309 - matplotlib.backends.backend_ps - WARNING - The PostScript backend does not support transparency; partially transparent artists will be rendered opaque.
2025-06-09 15:16:00,329 - matplotlib.backends.backend_ps - WARNING - The PostScript backend does not support transparency; partially transparent artists will be rendered opaque.
2025-06-09 15:16:00,344 - matplotlib.backends.backend_ps - WARNING - The PostScript backend does not support transparency; partially transparent artists will be rendered opaque.
2025-06-09 15:16:00,346 - matplotlib.backends.backend_ps - WARNING - The PostScript backend does not support transparency; partially transparent artists will be rendered opaque.
2025-06-09 15:16:00,383 - matplotlib.backends.backend_ps - WARNING - The PostScript backend does not support transparency; partially transparent artists will be rendered opaque.
2025-06-09 15:16:00,408 - matplotlib.backends.backend_ps - WARNING - The PostScript backend does not support transparency; partially transparent artists will be rendered opaque.
2025-06-09 15:16:14,814 - absl - INFO - Spawning all processes.
2025-06-09 15:18:59,990 - matplotlib.backends.backend_ps - WARNING - The PostScript backend does not support transparency; partially transparent artists will be rendered opaque.
2025-06-09 15:32:39,883 - matplotlib.backends.backend_ps - WARNING - The PostScript backend does not support transparency; partially transparent artists will be rendered opaque.
2025-06-09 15:32:44,647 - absl - INFO - Spawning all processes.
2025-06-09 15:32:45,137 - absl - INFO - Waiting for all processes to start.
2025-06-09 15:33:30,436 - matplotlib.backends.backend_ps - WARNING - The PostScript backend does not support transparency; partially transparent artists will be rendered opaque.
2025-06-09 15:33:32,372 - matplotlib.backends.backend_ps - WARNING - The PostScript backend does not support transparency; partially transparent artists will be rendered opaque.
2025-06-09 15:33:32,477 - matplotlib.backends.backend_ps - WARNING - The PostScript backend does not support transparency; partially transparent artists will be rendered opaque.
2025-06-09 15:33:33,582 - matplotlib.backends.backend_ps - WARNING - The PostScript backend does not support transparency; partially transparent artists will be rendered opaque.
2025-06-09 15:33:33,623 - matplotlib.backends.backend_ps - WARNING - The PostScript backend does not support transparency; partially transparent artists will be rendered opaque.
2025-06-09 15:33:33,630 - matplotlib.backends.backend_ps - WARNING - The PostScript backend does not support transparency; partially transparent artists will be rendered opaque.
2025-06-09 15:33:33,635 - matplotlib.backends.backend_ps - WARNING - The PostScript backend does not support transparency; partially transparent artists will be rendered opaque.
2025-06-09 15:33:33,677 - matplotlib.backends.backend_ps - WARNING - The PostScript backend does not support transparency; partially transparent artists will be rendered opaque.
2025-06-09 15:33:33,764 - matplotlib.backends.backend_ps - WARNING - The PostScript backend does not support transparency; partially transparent artists will be rendered opaque.
2025-06-09 15:33:33,770 - matplotlib.backends.backend_ps - WARNING - The PostScript backend does not support transparency; partially transparent artists will be rendered opaque.
2025-06-09 15:33:46,886 - absl - INFO - Spawning all processes.
2025-06-09 15:37:21,990 - absl - INFO - Spawning all processes.
2025-06-09 15:37:22,140 - absl - INFO - Waiting for all processes to start.
2025-06-09 15:37:57,405 - absl - INFO - All processes started.
2025-06-09 15:38:01,839 - tensorflow - WARNING - From /Users/jayotsana/Documents/m1Project/RLSparse/reProduceRLOpt.py:333: ReplayBuffer.gather_all (from tf_agents.replay_buffers.replay_buffer) is deprecated and will be removed in a future version.
Instructions for updating:
Use `as_dataset(..., single_deterministic_pass=True)` instead.
2025-06-09 15:42:17,074 - absl - INFO - Spawning all processes.
2025-06-09 15:42:17,124 - absl - INFO - Waiting for all processes to start.
2025-06-09 15:42:26,423 - absl - INFO - All processes started.
2025-06-09 15:42:30,248 - tensorflow - WARNING - From /Users/jayotsana/Documents/m1Project/RLSparse/reProduceRLOpt.py:333: ReplayBuffer.gather_all (from tf_agents.replay_buffers.replay_buffer) is deprecated and will be removed in a future version.
Instructions for updating:
Use `as_dataset(..., single_deterministic_pass=True)` instead.
2025-06-09 15:47:03,306 - absl - INFO - Spawning all processes.
2025-06-09 15:47:03,338 - absl - INFO - Waiting for all processes to start.
2025-06-09 15:47:11,009 - absl - INFO - All processes started.
2025-06-09 15:47:14,406 - tensorflow - WARNING - From /Users/jayotsana/Documents/m1Project/RLSparse/reProduceRLOpt.py:333: ReplayBuffer.gather_all (from tf_agents.replay_buffers.replay_buffer) is deprecated and will be removed in a future version.
Instructions for updating:
Use `as_dataset(..., single_deterministic_pass=True)` instead.
